2021-04-13 09:34:39.504 [main] INFO  com.sm.qy28.MyBoot - Starting MyBoot on JAVA-20200825JO with PID 7948 (E:\java workspace\myBoot3\target\classes started by JAVASM in E:\java workspace\myBoot3)
2021-04-13 09:34:39.511 [main] INFO  com.sm.qy28.MyBoot - No active profile set, falling back to default profiles: default
2021-04-13 09:34:40.125 [main] INFO  o.s.d.r.config.RepositoryConfigurationDelegate - Multiple Spring Data modules found, entering strict repository configuration mode!
2021-04-13 09:34:40.127 [main] INFO  o.s.d.r.config.RepositoryConfigurationDelegate - Bootstrapping Spring Data Redis repositories in DEFAULT mode.
2021-04-13 09:34:40.159 [main] INFO  o.s.d.r.config.RepositoryConfigurationDelegate - Finished Spring Data repository scanning in 15ms. Found 0 Redis repository interfaces.
2021-04-13 09:34:40.562 [main] INFO  o.s.boot.web.embedded.tomcat.TomcatWebServer - Tomcat initialized with port(s): 8080 (http)
2021-04-13 09:34:40.569 [main] INFO  org.apache.coyote.http11.Http11NioProtocol - Initializing ProtocolHandler ["http-nio-8080"]
2021-04-13 09:34:40.570 [main] INFO  org.apache.catalina.core.StandardService - Starting service [Tomcat]
2021-04-13 09:34:40.570 [main] INFO  org.apache.catalina.core.StandardEngine - Starting Servlet engine: [Apache Tomcat/9.0.39]
2021-04-13 09:34:40.643 [main] INFO  o.a.c.core.ContainerBase.[Tomcat].[localhost].[/] - Initializing Spring embedded WebApplicationContext
2021-04-13 09:34:40.643 [main] INFO  o.s.b.w.s.c.ServletWebServerApplicationContext - Root WebApplicationContext: initialization completed in 1077 ms
2021-04-13 09:34:40.967 [main] INFO  o.s.scheduling.concurrent.ThreadPoolTaskExecutor - Initializing ExecutorService 'applicationTaskExecutor'
2021-04-13 09:34:41.016 [main] INFO  o.s.b.a.web.servlet.WelcomePageHandlerMapping - Adding welcome page: class path resource [public/index.html]
2021-04-13 09:34:41.452 [main] INFO  org.apache.coyote.http11.Http11NioProtocol - Starting ProtocolHandler ["http-nio-8080"]
2021-04-13 09:34:41.470 [main] INFO  o.s.boot.web.embedded.tomcat.TomcatWebServer - Tomcat started on port(s): 8080 (http) with context path ''
2021-04-13 09:34:41.477 [main] INFO  com.sm.qy28.MyBoot - Started MyBoot in 2.338 seconds (JVM running for 3.169)
2021-04-13 09:35:16.635 [http-nio-8080-exec-1] INFO  o.a.c.core.ContainerBase.[Tomcat].[localhost].[/] - Initializing Spring DispatcherServlet 'dispatcherServlet'
2021-04-13 09:35:16.636 [http-nio-8080-exec-1] INFO  org.springframework.web.servlet.DispatcherServlet - Initializing Servlet 'dispatcherServlet'
2021-04-13 09:35:16.639 [http-nio-8080-exec-1] INFO  org.springframework.web.servlet.DispatcherServlet - Completed initialization in 3 ms
2021-04-13 09:35:16.903 [http-nio-8080-exec-9] INFO  com.zaxxer.hikari.HikariDataSource - HikariPool-1 - Starting...
2021-04-13 09:35:17.144 [http-nio-8080-exec-9] INFO  com.zaxxer.hikari.HikariDataSource - HikariPool-1 - Start completed.
2021-04-13 09:42:49.678 [main] INFO  com.sm.qy28.MyBoot - Starting MyBoot on JAVA-20200825JO with PID 2516 (E:\java workspace\myBoot3\target\classes started by JAVASM in E:\java workspace\myBoot3)
2021-04-13 09:42:49.680 [main] INFO  com.sm.qy28.MyBoot - No active profile set, falling back to default profiles: default
2021-04-13 09:42:50.109 [main] INFO  o.s.d.r.config.RepositoryConfigurationDelegate - Multiple Spring Data modules found, entering strict repository configuration mode!
2021-04-13 09:42:50.111 [main] INFO  o.s.d.r.config.RepositoryConfigurationDelegate - Bootstrapping Spring Data Redis repositories in DEFAULT mode.
2021-04-13 09:42:50.129 [main] INFO  o.s.d.r.config.RepositoryConfigurationDelegate - Finished Spring Data repository scanning in 9ms. Found 0 Redis repository interfaces.
2021-04-13 09:42:50.396 [main] INFO  o.s.boot.web.embedded.tomcat.TomcatWebServer - Tomcat initialized with port(s): 8080 (http)
2021-04-13 09:42:50.401 [main] INFO  org.apache.coyote.http11.Http11NioProtocol - Initializing ProtocolHandler ["http-nio-8080"]
2021-04-13 09:42:50.402 [main] INFO  org.apache.catalina.core.StandardService - Starting service [Tomcat]
2021-04-13 09:42:50.402 [main] INFO  org.apache.catalina.core.StandardEngine - Starting Servlet engine: [Apache Tomcat/9.0.39]
2021-04-13 09:42:50.453 [main] INFO  o.a.c.core.ContainerBase.[Tomcat].[localhost].[/] - Initializing Spring embedded WebApplicationContext
2021-04-13 09:42:50.453 [main] INFO  o.s.b.w.s.c.ServletWebServerApplicationContext - Root WebApplicationContext: initialization completed in 739 ms
2021-04-13 09:42:50.652 [main] INFO  o.s.scheduling.concurrent.ThreadPoolTaskExecutor - Initializing ExecutorService 'applicationTaskExecutor'
2021-04-13 09:42:50.704 [main] INFO  o.s.b.a.web.servlet.WelcomePageHandlerMapping - Adding welcome page: class path resource [public/index.html]
2021-04-13 09:42:50.994 [main] INFO  org.apache.coyote.http11.Http11NioProtocol - Starting ProtocolHandler ["http-nio-8080"]
2021-04-13 09:42:51.008 [main] INFO  o.s.boot.web.embedded.tomcat.TomcatWebServer - Tomcat started on port(s): 8080 (http) with context path ''
2021-04-13 09:42:51.014 [main] INFO  com.sm.qy28.MyBoot - Started MyBoot in 1.552 seconds (JVM running for 2.093)
2021-04-13 09:42:53.363 [http-nio-8080-exec-1] INFO  o.a.c.core.ContainerBase.[Tomcat].[localhost].[/] - Initializing Spring DispatcherServlet 'dispatcherServlet'
2021-04-13 09:42:53.363 [http-nio-8080-exec-1] INFO  org.springframework.web.servlet.DispatcherServlet - Initializing Servlet 'dispatcherServlet'
2021-04-13 09:42:53.368 [http-nio-8080-exec-1] INFO  org.springframework.web.servlet.DispatcherServlet - Completed initialization in 5 ms
2021-04-13 09:42:53.467 [http-nio-8080-exec-3] INFO  com.zaxxer.hikari.HikariDataSource - HikariPool-1 - Starting...
2021-04-13 09:42:53.590 [http-nio-8080-exec-3] INFO  com.zaxxer.hikari.HikariDataSource - HikariPool-1 - Start completed.
2021-04-13 09:46:11.328 [main] INFO  com.sm.qy28.MyBoot - Starting MyBoot on JAVA-20200825JO with PID 6652 (E:\java workspace\myBoot3\target\classes started by JAVASM in E:\java workspace\myBoot3)
2021-04-13 09:46:11.330 [main] INFO  com.sm.qy28.MyBoot - No active profile set, falling back to default profiles: default
2021-04-13 09:46:11.761 [main] INFO  o.s.d.r.config.RepositoryConfigurationDelegate - Multiple Spring Data modules found, entering strict repository configuration mode!
2021-04-13 09:46:11.762 [main] INFO  o.s.d.r.config.RepositoryConfigurationDelegate - Bootstrapping Spring Data Redis repositories in DEFAULT mode.
2021-04-13 09:46:11.785 [main] INFO  o.s.d.r.config.RepositoryConfigurationDelegate - Finished Spring Data repository scanning in 11ms. Found 0 Redis repository interfaces.
2021-04-13 09:46:12.056 [main] INFO  o.s.boot.web.embedded.tomcat.TomcatWebServer - Tomcat initialized with port(s): 8080 (http)
2021-04-13 09:46:12.061 [main] INFO  org.apache.coyote.http11.Http11NioProtocol - Initializing ProtocolHandler ["http-nio-8080"]
2021-04-13 09:46:12.062 [main] INFO  org.apache.catalina.core.StandardService - Starting service [Tomcat]
2021-04-13 09:46:12.062 [main] INFO  org.apache.catalina.core.StandardEngine - Starting Servlet engine: [Apache Tomcat/9.0.39]
2021-04-13 09:46:12.114 [main] INFO  o.a.c.core.ContainerBase.[Tomcat].[localhost].[/] - Initializing Spring embedded WebApplicationContext
2021-04-13 09:46:12.115 [main] INFO  o.s.b.w.s.c.ServletWebServerApplicationContext - Root WebApplicationContext: initialization completed in 751 ms
2021-04-13 09:46:12.340 [main] INFO  o.s.scheduling.concurrent.ThreadPoolTaskExecutor - Initializing ExecutorService 'applicationTaskExecutor'
2021-04-13 09:46:12.379 [main] INFO  o.s.b.a.web.servlet.WelcomePageHandlerMapping - Adding welcome page: class path resource [public/index.html]
2021-04-13 09:46:12.658 [main] INFO  org.apache.coyote.http11.Http11NioProtocol - Starting ProtocolHandler ["http-nio-8080"]
2021-04-13 09:46:12.671 [main] INFO  o.s.boot.web.embedded.tomcat.TomcatWebServer - Tomcat started on port(s): 8080 (http) with context path ''
2021-04-13 09:46:12.678 [main] INFO  com.sm.qy28.MyBoot - Started MyBoot in 1.559 seconds (JVM running for 2.085)
2021-04-13 09:46:15.692 [http-nio-8080-exec-1] INFO  o.a.c.core.ContainerBase.[Tomcat].[localhost].[/] - Initializing Spring DispatcherServlet 'dispatcherServlet'
2021-04-13 09:46:15.692 [http-nio-8080-exec-1] INFO  org.springframework.web.servlet.DispatcherServlet - Initializing Servlet 'dispatcherServlet'
2021-04-13 09:46:15.697 [http-nio-8080-exec-1] INFO  org.springframework.web.servlet.DispatcherServlet - Completed initialization in 5 ms
2021-04-13 09:46:15.865 [http-nio-8080-exec-6] INFO  com.zaxxer.hikari.HikariDataSource - HikariPool-1 - Starting...
2021-04-13 09:46:15.997 [http-nio-8080-exec-6] INFO  com.zaxxer.hikari.HikariDataSource - HikariPool-1 - Start completed.
2021-04-13 09:46:38.306 [main] INFO  com.sm.qy28.MyBoot - Starting MyBoot on JAVA-20200825JO with PID 8956 (E:\java workspace\myBoot3\target\classes started by JAVASM in E:\java workspace\myBoot3)
2021-04-13 09:46:38.312 [main] INFO  com.sm.qy28.MyBoot - No active profile set, falling back to default profiles: default
2021-04-13 09:46:38.737 [main] INFO  o.s.d.r.config.RepositoryConfigurationDelegate - Multiple Spring Data modules found, entering strict repository configuration mode!
2021-04-13 09:46:38.739 [main] INFO  o.s.d.r.config.RepositoryConfigurationDelegate - Bootstrapping Spring Data Redis repositories in DEFAULT mode.
2021-04-13 09:46:38.757 [main] INFO  o.s.d.r.config.RepositoryConfigurationDelegate - Finished Spring Data repository scanning in 9ms. Found 0 Redis repository interfaces.
2021-04-13 09:46:39.031 [main] INFO  o.s.boot.web.embedded.tomcat.TomcatWebServer - Tomcat initialized with port(s): 8080 (http)
2021-04-13 09:46:39.036 [main] INFO  org.apache.coyote.http11.Http11NioProtocol - Initializing ProtocolHandler ["http-nio-8080"]
2021-04-13 09:46:39.037 [main] INFO  org.apache.catalina.core.StandardService - Starting service [Tomcat]
2021-04-13 09:46:39.037 [main] INFO  org.apache.catalina.core.StandardEngine - Starting Servlet engine: [Apache Tomcat/9.0.39]
2021-04-13 09:46:39.087 [main] INFO  o.a.c.core.ContainerBase.[Tomcat].[localhost].[/] - Initializing Spring embedded WebApplicationContext
2021-04-13 09:46:39.088 [main] INFO  o.s.b.w.s.c.ServletWebServerApplicationContext - Root WebApplicationContext: initialization completed in 739 ms
2021-04-13 09:46:39.307 [main] INFO  o.s.scheduling.concurrent.ThreadPoolTaskExecutor - Initializing ExecutorService 'applicationTaskExecutor'
2021-04-13 09:46:39.344 [main] INFO  o.s.b.a.web.servlet.WelcomePageHandlerMapping - Adding welcome page: class path resource [public/index.html]
2021-04-13 09:46:39.621 [main] INFO  org.apache.coyote.http11.Http11NioProtocol - Starting ProtocolHandler ["http-nio-8080"]
2021-04-13 09:46:39.633 [main] INFO  o.s.boot.web.embedded.tomcat.TomcatWebServer - Tomcat started on port(s): 8080 (http) with context path ''
2021-04-13 09:46:39.640 [main] INFO  com.sm.qy28.MyBoot - Started MyBoot in 1.541 seconds (JVM running for 2.035)
2021-04-13 09:46:42.062 [http-nio-8080-exec-1] INFO  o.a.c.core.ContainerBase.[Tomcat].[localhost].[/] - Initializing Spring DispatcherServlet 'dispatcherServlet'
2021-04-13 09:46:42.062 [http-nio-8080-exec-1] INFO  org.springframework.web.servlet.DispatcherServlet - Initializing Servlet 'dispatcherServlet'
2021-04-13 09:46:42.066 [http-nio-8080-exec-1] INFO  org.springframework.web.servlet.DispatcherServlet - Completed initialization in 3 ms
2021-04-13 09:46:42.202 [http-nio-8080-exec-10] INFO  com.zaxxer.hikari.HikariDataSource - HikariPool-1 - Starting...
2021-04-13 09:46:42.323 [http-nio-8080-exec-10] INFO  com.zaxxer.hikari.HikariDataSource - HikariPool-1 - Start completed.
2021-04-13 09:47:06.815 [main] INFO  com.sm.qy28.MyBoot - Starting MyBoot on JAVA-20200825JO with PID 8076 (E:\java workspace\myBoot3\target\classes started by JAVASM in E:\java workspace\myBoot3)
2021-04-13 09:47:06.817 [main] INFO  com.sm.qy28.MyBoot - No active profile set, falling back to default profiles: default
2021-04-13 09:47:07.239 [main] INFO  o.s.d.r.config.RepositoryConfigurationDelegate - Multiple Spring Data modules found, entering strict repository configuration mode!
2021-04-13 09:47:07.241 [main] INFO  o.s.d.r.config.RepositoryConfigurationDelegate - Bootstrapping Spring Data Redis repositories in DEFAULT mode.
2021-04-13 09:47:07.259 [main] INFO  o.s.d.r.config.RepositoryConfigurationDelegate - Finished Spring Data repository scanning in 8ms. Found 0 Redis repository interfaces.
2021-04-13 09:47:07.529 [main] INFO  o.s.boot.web.embedded.tomcat.TomcatWebServer - Tomcat initialized with port(s): 8080 (http)
2021-04-13 09:47:07.534 [main] INFO  org.apache.coyote.http11.Http11NioProtocol - Initializing ProtocolHandler ["http-nio-8080"]
2021-04-13 09:47:07.534 [main] INFO  org.apache.catalina.core.StandardService - Starting service [Tomcat]
2021-04-13 09:47:07.534 [main] INFO  org.apache.catalina.core.StandardEngine - Starting Servlet engine: [Apache Tomcat/9.0.39]
2021-04-13 09:47:07.584 [main] INFO  o.a.c.core.ContainerBase.[Tomcat].[localhost].[/] - Initializing Spring embedded WebApplicationContext
2021-04-13 09:47:07.585 [main] INFO  o.s.b.w.s.c.ServletWebServerApplicationContext - Root WebApplicationContext: initialization completed in 734 ms
2021-04-13 09:47:07.799 [main] INFO  o.s.scheduling.concurrent.ThreadPoolTaskExecutor - Initializing ExecutorService 'applicationTaskExecutor'
2021-04-13 09:47:07.836 [main] INFO  o.s.b.a.web.servlet.WelcomePageHandlerMapping - Adding welcome page: class path resource [public/index.html]
2021-04-13 09:47:08.110 [main] INFO  org.apache.coyote.http11.Http11NioProtocol - Starting ProtocolHandler ["http-nio-8080"]
2021-04-13 09:47:08.124 [main] INFO  o.s.boot.web.embedded.tomcat.TomcatWebServer - Tomcat started on port(s): 8080 (http) with context path ''
2021-04-13 09:47:08.130 [main] INFO  com.sm.qy28.MyBoot - Started MyBoot in 1.511 seconds (JVM running for 1.989)
2021-04-13 09:47:09.884 [http-nio-8080-exec-1] INFO  o.a.c.core.ContainerBase.[Tomcat].[localhost].[/] - Initializing Spring DispatcherServlet 'dispatcherServlet'
2021-04-13 09:47:09.884 [http-nio-8080-exec-1] INFO  org.springframework.web.servlet.DispatcherServlet - Initializing Servlet 'dispatcherServlet'
2021-04-13 09:47:09.887 [http-nio-8080-exec-1] INFO  org.springframework.web.servlet.DispatcherServlet - Completed initialization in 3 ms
2021-04-13 09:47:10.020 [http-nio-8080-exec-5] INFO  com.zaxxer.hikari.HikariDataSource - HikariPool-1 - Starting...
2021-04-13 09:47:10.145 [http-nio-8080-exec-5] INFO  com.zaxxer.hikari.HikariDataSource - HikariPool-1 - Start completed.
2021-04-13 10:12:05.133 [main] INFO  com.sm.qy28.MyBoot - Starting MyBoot on JAVA-20200825JO with PID 2808 (E:\java workspace\myBoot3\target\classes started by JAVASM in E:\java workspace\myBoot3)
2021-04-13 10:12:05.135 [main] INFO  com.sm.qy28.MyBoot - No active profile set, falling back to default profiles: default
2021-04-13 10:12:05.944 [main] INFO  o.s.d.r.config.RepositoryConfigurationDelegate - Multiple Spring Data modules found, entering strict repository configuration mode!
2021-04-13 10:12:05.946 [main] INFO  o.s.d.r.config.RepositoryConfigurationDelegate - Bootstrapping Spring Data Redis repositories in DEFAULT mode.
2021-04-13 10:12:05.966 [main] INFO  o.s.d.r.config.RepositoryConfigurationDelegate - Finished Spring Data repository scanning in 11ms. Found 0 Redis repository interfaces.
2021-04-13 10:12:06.282 [main] INFO  o.s.boot.web.embedded.tomcat.TomcatWebServer - Tomcat initialized with port(s): 8080 (http)
2021-04-13 10:12:06.288 [main] INFO  org.apache.coyote.http11.Http11NioProtocol - Initializing ProtocolHandler ["http-nio-8080"]
2021-04-13 10:12:06.289 [main] INFO  org.apache.catalina.core.StandardService - Starting service [Tomcat]
2021-04-13 10:12:06.290 [main] INFO  org.apache.catalina.core.StandardEngine - Starting Servlet engine: [Apache Tomcat/9.0.39]
2021-04-13 10:12:06.351 [main] INFO  o.a.c.core.ContainerBase.[Tomcat].[localhost].[/] - Initializing Spring embedded WebApplicationContext
2021-04-13 10:12:06.351 [main] INFO  o.s.b.w.s.c.ServletWebServerApplicationContext - Root WebApplicationContext: initialization completed in 1181 ms
2021-04-13 10:12:06.597 [main] INFO  o.s.scheduling.concurrent.ThreadPoolTaskExecutor - Initializing ExecutorService 'applicationTaskExecutor'
2021-04-13 10:12:06.677 [main] INFO  o.s.b.a.web.servlet.WelcomePageHandlerMapping - Adding welcome page: class path resource [public/index.html]
2021-04-13 10:12:06.994 [main] INFO  org.apache.coyote.http11.Http11NioProtocol - Starting ProtocolHandler ["http-nio-8080"]
2021-04-13 10:12:07.007 [main] INFO  o.s.boot.web.embedded.tomcat.TomcatWebServer - Tomcat started on port(s): 8080 (http) with context path ''
2021-04-13 10:12:07.013 [main] INFO  com.sm.qy28.MyBoot - Started MyBoot in 2.129 seconds (JVM running for 2.65)
2021-04-13 10:33:25.414 [http-nio-8080-exec-1] INFO  o.a.c.core.ContainerBase.[Tomcat].[localhost].[/] - Initializing Spring DispatcherServlet 'dispatcherServlet'
2021-04-13 10:33:25.414 [http-nio-8080-exec-1] INFO  org.springframework.web.servlet.DispatcherServlet - Initializing Servlet 'dispatcherServlet'
2021-04-13 10:33:25.418 [http-nio-8080-exec-1] INFO  org.springframework.web.servlet.DispatcherServlet - Completed initialization in 4 ms
2021-04-13 10:34:38.025 [main] INFO  com.sm.qy28.MyBoot - Starting MyBoot on JAVA-20200825JO with PID 5248 (E:\java workspace\myBoot3\target\classes started by JAVASM in E:\java workspace\myBoot3)
2021-04-13 10:34:38.027 [main] INFO  com.sm.qy28.MyBoot - No active profile set, falling back to default profiles: default
2021-04-13 10:34:38.470 [main] INFO  o.s.d.r.config.RepositoryConfigurationDelegate - Multiple Spring Data modules found, entering strict repository configuration mode!
2021-04-13 10:34:38.472 [main] INFO  o.s.d.r.config.RepositoryConfigurationDelegate - Bootstrapping Spring Data Redis repositories in DEFAULT mode.
2021-04-13 10:34:38.490 [main] INFO  o.s.d.r.config.RepositoryConfigurationDelegate - Finished Spring Data repository scanning in 9ms. Found 0 Redis repository interfaces.
2021-04-13 10:34:38.763 [main] INFO  o.s.boot.web.embedded.tomcat.TomcatWebServer - Tomcat initialized with port(s): 8080 (http)
2021-04-13 10:34:38.768 [main] INFO  org.apache.coyote.http11.Http11NioProtocol - Initializing ProtocolHandler ["http-nio-8080"]
2021-04-13 10:34:38.768 [main] INFO  org.apache.catalina.core.StandardService - Starting service [Tomcat]
2021-04-13 10:34:38.769 [main] INFO  org.apache.catalina.core.StandardEngine - Starting Servlet engine: [Apache Tomcat/9.0.39]
2021-04-13 10:34:38.821 [main] INFO  o.a.c.core.ContainerBase.[Tomcat].[localhost].[/] - Initializing Spring embedded WebApplicationContext
2021-04-13 10:34:38.821 [main] INFO  o.s.b.w.s.c.ServletWebServerApplicationContext - Root WebApplicationContext: initialization completed in 759 ms
2021-04-13 10:34:39.047 [main] INFO  o.s.scheduling.concurrent.ThreadPoolTaskExecutor - Initializing ExecutorService 'applicationTaskExecutor'
2021-04-13 10:34:39.085 [main] INFO  o.s.b.a.web.servlet.WelcomePageHandlerMapping - Adding welcome page: class path resource [public/index.html]
2021-04-13 10:34:39.364 [main] INFO  org.apache.coyote.http11.Http11NioProtocol - Starting ProtocolHandler ["http-nio-8080"]
2021-04-13 10:34:39.376 [main] INFO  o.s.boot.web.embedded.tomcat.TomcatWebServer - Tomcat started on port(s): 8080 (http) with context path ''
2021-04-13 10:34:39.382 [main] INFO  com.sm.qy28.MyBoot - Started MyBoot in 1.566 seconds (JVM running for 2.051)
2021-04-13 10:34:41.730 [http-nio-8080-exec-1] INFO  o.a.c.core.ContainerBase.[Tomcat].[localhost].[/] - Initializing Spring DispatcherServlet 'dispatcherServlet'
2021-04-13 10:34:41.730 [http-nio-8080-exec-1] INFO  org.springframework.web.servlet.DispatcherServlet - Initializing Servlet 'dispatcherServlet'
2021-04-13 10:34:41.733 [http-nio-8080-exec-1] INFO  org.springframework.web.servlet.DispatcherServlet - Completed initialization in 3 ms
2021-04-13 10:42:47.342 [main] INFO  com.sm.qy28.MyBoot - Starting MyBoot on JAVA-20200825JO with PID 6364 (E:\java workspace\myBoot3\target\classes started by JAVASM in E:\java workspace\myBoot3)
2021-04-13 10:42:47.344 [main] INFO  com.sm.qy28.MyBoot - No active profile set, falling back to default profiles: default
2021-04-13 10:42:47.776 [main] INFO  o.s.d.r.config.RepositoryConfigurationDelegate - Multiple Spring Data modules found, entering strict repository configuration mode!
2021-04-13 10:42:47.777 [main] INFO  o.s.d.r.config.RepositoryConfigurationDelegate - Bootstrapping Spring Data Redis repositories in DEFAULT mode.
2021-04-13 10:42:47.797 [main] INFO  o.s.d.r.config.RepositoryConfigurationDelegate - Finished Spring Data repository scanning in 9ms. Found 0 Redis repository interfaces.
2021-04-13 10:42:48.071 [main] INFO  o.s.boot.web.embedded.tomcat.TomcatWebServer - Tomcat initialized with port(s): 8080 (http)
2021-04-13 10:42:48.076 [main] INFO  org.apache.coyote.http11.Http11NioProtocol - Initializing ProtocolHandler ["http-nio-8080"]
2021-04-13 10:42:48.077 [main] INFO  org.apache.catalina.core.StandardService - Starting service [Tomcat]
2021-04-13 10:42:48.077 [main] INFO  org.apache.catalina.core.StandardEngine - Starting Servlet engine: [Apache Tomcat/9.0.39]
2021-04-13 10:42:48.129 [main] INFO  o.a.c.core.ContainerBase.[Tomcat].[localhost].[/] - Initializing Spring embedded WebApplicationContext
2021-04-13 10:42:48.129 [main] INFO  o.s.b.w.s.c.ServletWebServerApplicationContext - Root WebApplicationContext: initialization completed in 748 ms
2021-04-13 10:42:48.359 [main] INFO  o.s.scheduling.concurrent.ThreadPoolTaskExecutor - Initializing ExecutorService 'applicationTaskExecutor'
2021-04-13 10:42:48.397 [main] INFO  o.s.b.a.web.servlet.WelcomePageHandlerMapping - Adding welcome page: class path resource [public/index.html]
2021-04-13 10:42:48.683 [main] INFO  org.apache.coyote.http11.Http11NioProtocol - Starting ProtocolHandler ["http-nio-8080"]
2021-04-13 10:42:48.696 [main] INFO  o.s.boot.web.embedded.tomcat.TomcatWebServer - Tomcat started on port(s): 8080 (http) with context path ''
2021-04-13 10:42:48.702 [main] INFO  com.sm.qy28.MyBoot - Started MyBoot in 1.563 seconds (JVM running for 2.053)
2021-04-13 10:42:51.130 [http-nio-8080-exec-1] INFO  o.a.c.core.ContainerBase.[Tomcat].[localhost].[/] - Initializing Spring DispatcherServlet 'dispatcherServlet'
2021-04-13 10:42:51.130 [http-nio-8080-exec-1] INFO  org.springframework.web.servlet.DispatcherServlet - Initializing Servlet 'dispatcherServlet'
2021-04-13 10:42:51.134 [http-nio-8080-exec-1] INFO  org.springframework.web.servlet.DispatcherServlet - Completed initialization in 4 ms
2021-04-13 11:01:50.917 [main] INFO  com.sm.qy28.MyBoot - Starting MyBoot on JAVA-20200825JO with PID 3120 (E:\java workspace\myBoot3\target\classes started by JAVASM in E:\java workspace\myBoot3)
2021-04-13 11:01:50.920 [main] INFO  com.sm.qy28.MyBoot - No active profile set, falling back to default profiles: default
2021-04-13 11:01:51.360 [main] INFO  o.s.d.r.config.RepositoryConfigurationDelegate - Multiple Spring Data modules found, entering strict repository configuration mode!
2021-04-13 11:01:51.362 [main] INFO  o.s.d.r.config.RepositoryConfigurationDelegate - Bootstrapping Spring Data Redis repositories in DEFAULT mode.
2021-04-13 11:01:51.381 [main] INFO  o.s.d.r.config.RepositoryConfigurationDelegate - Finished Spring Data repository scanning in 9ms. Found 0 Redis repository interfaces.
2021-04-13 11:01:51.657 [main] INFO  o.s.boot.web.embedded.tomcat.TomcatWebServer - Tomcat initialized with port(s): 8080 (http)
2021-04-13 11:01:51.662 [main] INFO  org.apache.coyote.http11.Http11NioProtocol - Initializing ProtocolHandler ["http-nio-8080"]
2021-04-13 11:01:51.663 [main] INFO  org.apache.catalina.core.StandardService - Starting service [Tomcat]
2021-04-13 11:01:51.663 [main] INFO  org.apache.catalina.core.StandardEngine - Starting Servlet engine: [Apache Tomcat/9.0.39]
2021-04-13 11:01:51.715 [main] INFO  o.a.c.core.ContainerBase.[Tomcat].[localhost].[/] - Initializing Spring embedded WebApplicationContext
2021-04-13 11:01:51.716 [main] INFO  o.s.b.w.s.c.ServletWebServerApplicationContext - Root WebApplicationContext: initialization completed in 761 ms
2021-04-13 11:01:52.118 [main] INFO  o.s.scheduling.concurrent.ThreadPoolTaskExecutor - Initializing ExecutorService 'applicationTaskExecutor'
2021-04-13 11:01:52.154 [main] INFO  o.s.b.a.web.servlet.WelcomePageHandlerMapping - Adding welcome page: class path resource [public/index.html]
2021-04-13 11:01:52.259 [main] INFO  org.apache.coyote.http11.Http11NioProtocol - Starting ProtocolHandler ["http-nio-8080"]
2021-04-13 11:01:52.273 [main] INFO  o.s.boot.web.embedded.tomcat.TomcatWebServer - Tomcat started on port(s): 8080 (http) with context path ''
2021-04-13 11:01:52.279 [main] INFO  com.sm.qy28.MyBoot - Started MyBoot in 1.597 seconds (JVM running for 2.09)
2021-04-13 11:01:57.479 [http-nio-8080-exec-1] INFO  o.a.c.core.ContainerBase.[Tomcat].[localhost].[/] - Initializing Spring DispatcherServlet 'dispatcherServlet'
2021-04-13 11:01:57.479 [http-nio-8080-exec-1] INFO  org.springframework.web.servlet.DispatcherServlet - Initializing Servlet 'dispatcherServlet'
2021-04-13 11:01:57.482 [http-nio-8080-exec-1] INFO  org.springframework.web.servlet.DispatcherServlet - Completed initialization in 3 ms
2021-04-13 11:02:41.149 [main] INFO  com.sm.qy28.MyBoot - Starting MyBoot on JAVA-20200825JO with PID 8568 (E:\java workspace\myBoot3\target\classes started by JAVASM in E:\java workspace\myBoot3)
2021-04-13 11:02:41.153 [main] INFO  com.sm.qy28.MyBoot - No active profile set, falling back to default profiles: default
2021-04-13 11:02:41.595 [main] INFO  o.s.d.r.config.RepositoryConfigurationDelegate - Multiple Spring Data modules found, entering strict repository configuration mode!
2021-04-13 11:02:41.597 [main] INFO  o.s.d.r.config.RepositoryConfigurationDelegate - Bootstrapping Spring Data Redis repositories in DEFAULT mode.
2021-04-13 11:02:41.615 [main] INFO  o.s.d.r.config.RepositoryConfigurationDelegate - Finished Spring Data repository scanning in 9ms. Found 0 Redis repository interfaces.
2021-04-13 11:02:41.893 [main] INFO  o.s.boot.web.embedded.tomcat.TomcatWebServer - Tomcat initialized with port(s): 8080 (http)
2021-04-13 11:02:41.898 [main] INFO  org.apache.coyote.http11.Http11NioProtocol - Initializing ProtocolHandler ["http-nio-8080"]
2021-04-13 11:02:41.898 [main] INFO  org.apache.catalina.core.StandardService - Starting service [Tomcat]
2021-04-13 11:02:41.899 [main] INFO  org.apache.catalina.core.StandardEngine - Starting Servlet engine: [Apache Tomcat/9.0.39]
2021-04-13 11:02:41.951 [main] INFO  o.a.c.core.ContainerBase.[Tomcat].[localhost].[/] - Initializing Spring embedded WebApplicationContext
2021-04-13 11:02:41.952 [main] INFO  o.s.b.w.s.c.ServletWebServerApplicationContext - Root WebApplicationContext: initialization completed in 763 ms
2021-04-13 11:02:42.356 [main] INFO  o.s.scheduling.concurrent.ThreadPoolTaskExecutor - Initializing ExecutorService 'applicationTaskExecutor'
2021-04-13 11:02:42.394 [main] INFO  o.s.b.a.web.servlet.WelcomePageHandlerMapping - Adding welcome page: class path resource [public/index.html]
2021-04-13 11:02:42.499 [main] INFO  org.apache.coyote.http11.Http11NioProtocol - Starting ProtocolHandler ["http-nio-8080"]
2021-04-13 11:02:42.512 [main] INFO  o.s.boot.web.embedded.tomcat.TomcatWebServer - Tomcat started on port(s): 8080 (http) with context path ''
2021-04-13 11:02:42.518 [main] INFO  com.sm.qy28.MyBoot - Started MyBoot in 1.585 seconds (JVM running for 2.073)
2021-04-13 11:02:51.442 [http-nio-8080-exec-1] INFO  o.a.c.core.ContainerBase.[Tomcat].[localhost].[/] - Initializing Spring DispatcherServlet 'dispatcherServlet'
2021-04-13 11:02:51.443 [http-nio-8080-exec-1] INFO  org.springframework.web.servlet.DispatcherServlet - Initializing Servlet 'dispatcherServlet'
2021-04-13 11:02:51.446 [http-nio-8080-exec-1] INFO  org.springframework.web.servlet.DispatcherServlet - Completed initialization in 3 ms
2021-04-13 11:16:19.900 [main] INFO  com.sm.qy28.MyBoot - Starting MyBoot on JAVA-20200825JO with PID 5088 (E:\java workspace\myBoot3\target\classes started by JAVASM in E:\java workspace\myBoot3)
2021-04-13 11:16:19.905 [main] INFO  com.sm.qy28.MyBoot - No active profile set, falling back to default profiles: default
2021-04-13 11:16:20.434 [main] INFO  o.s.d.r.config.RepositoryConfigurationDelegate - Multiple Spring Data modules found, entering strict repository configuration mode!
2021-04-13 11:16:20.435 [main] INFO  o.s.d.r.config.RepositoryConfigurationDelegate - Bootstrapping Spring Data Redis repositories in DEFAULT mode.
2021-04-13 11:16:20.454 [main] INFO  o.s.d.r.config.RepositoryConfigurationDelegate - Finished Spring Data repository scanning in 9ms. Found 0 Redis repository interfaces.
2021-04-13 11:16:20.734 [main] INFO  o.s.boot.web.embedded.tomcat.TomcatWebServer - Tomcat initialized with port(s): 8080 (http)
2021-04-13 11:16:20.739 [main] INFO  org.apache.coyote.http11.Http11NioProtocol - Initializing ProtocolHandler ["http-nio-8080"]
2021-04-13 11:16:20.740 [main] INFO  org.apache.catalina.core.StandardService - Starting service [Tomcat]
2021-04-13 11:16:20.740 [main] INFO  org.apache.catalina.core.StandardEngine - Starting Servlet engine: [Apache Tomcat/9.0.39]
2021-04-13 11:16:20.796 [main] INFO  o.a.c.core.ContainerBase.[Tomcat].[localhost].[/] - Initializing Spring embedded WebApplicationContext
2021-04-13 11:16:20.796 [main] INFO  o.s.b.w.s.c.ServletWebServerApplicationContext - Root WebApplicationContext: initialization completed in 850 ms
2021-04-13 11:16:21.283 [main] INFO  o.s.scheduling.concurrent.ThreadPoolTaskExecutor - Initializing ExecutorService 'applicationTaskExecutor'
2021-04-13 11:16:21.321 [main] INFO  o.s.b.a.web.servlet.WelcomePageHandlerMapping - Adding welcome page: class path resource [public/index.html]
2021-04-13 11:16:21.429 [main] INFO  org.apache.coyote.http11.Http11NioProtocol - Starting ProtocolHandler ["http-nio-8080"]
2021-04-13 11:16:21.441 [main] INFO  o.s.boot.web.embedded.tomcat.TomcatWebServer - Tomcat started on port(s): 8080 (http) with context path ''
2021-04-13 11:16:21.448 [main] INFO  com.sm.qy28.MyBoot - Started MyBoot in 1.763 seconds (JVM running for 2.261)
2021-04-13 11:16:25.762 [http-nio-8080-exec-1] INFO  o.a.c.core.ContainerBase.[Tomcat].[localhost].[/] - Initializing Spring DispatcherServlet 'dispatcherServlet'
2021-04-13 11:16:25.762 [http-nio-8080-exec-1] INFO  org.springframework.web.servlet.DispatcherServlet - Initializing Servlet 'dispatcherServlet'
2021-04-13 11:16:25.766 [http-nio-8080-exec-1] INFO  org.springframework.web.servlet.DispatcherServlet - Completed initialization in 4 ms
2021-04-13 11:16:30.414 [http-nio-8080-exec-10] INFO  com.zaxxer.hikari.HikariDataSource - HikariPool-1 - Starting...
2021-04-13 11:16:30.531 [http-nio-8080-exec-10] INFO  com.zaxxer.hikari.HikariDataSource - HikariPool-1 - Start completed.
